Sat Dec 18 18:55:08 2021 『传闻』春云夏雨打开任务宝箱，得到了1838点实战经验，367点潜能。
[2;37;0m
Sat Dec 18 19:01:47 2021 『传闻』丁未年三月二十八日午时四刻，铁传甲追袭梅花盗未果，中桃花瘴重伤而归。
Sat Dec 18 19:08:58 2021 『传闻』春云夏雨打开任务宝箱，得到了2102点实战经验，420点潜能。
[2;37;0m
Sat Dec 18 19:08:58 2021 『传闻』春云夏雨打开任务宝箱，得到了1878点实战经验，375点潜能。
[2;37;0m
Sat Dec 18 19:08:59 2021 『传闻』春云夏雨打开任务宝箱，得到了1872点实战经验，374点潜能。
[2;37;0m
Sat Dec 18 19:08:59 2021 『传闻』春云夏雨打开任务宝箱，得到了789点实战经验，157点潜能。
[2;37;0m
Sat Dec 18 19:12:51 2021 『传闻』春云夏雨打开任务宝箱，得到了168点实战经验，33点潜能。
[2;37;0m
Sat Dec 18 19:12:51 2021 『传闻』春云夏雨打开任务宝箱，得到了1787点实战经验，357点潜能。
[2;37;0m
Sat Dec 18 19:12:52 2021 『传闻』春云夏雨打开任务宝箱，得到了2816点实战经验，563点潜能。
[2;37;0m
Sat Dec 18 19:12:56 2021 『传闻』春云夏雨打开任务宝箱，得到了2169点实战经验，433点潜能。
[2;37;0m
Sat Dec 18 19:12:57 2021 『传闻』春云夏雨打开任务宝箱，得到了2813点实战经验，562点潜能。
[2;37;0m
Sat Dec 18 19:12:57 2021 『传闻』春云夏雨打开任务宝箱，得到了2231点实战经验，446点潜能。
[2;37;0m
Sat Dec 18 19:20:01 2021 『传闻』春云夏雨打开任务宝箱，得到了1269点实战经验，253点潜能。
[2;37;0m
Sat Dec 18 19:20:01 2021 『传闻』春云夏雨打开任务宝箱，得到了236点实战经验，47点潜能。
[2;37;0m
Sat Dec 18 19:20:01 2021 『传闻』春云夏雨打开任务宝箱，得到了2391点实战经验，478点潜能。
[2;37;0m
Sat Dec 18 19:20:02 2021 『传闻』春云夏雨打开任务宝箱，得到了2615点实战经验，523点潜能。
[2;37;0m
Sat Dec 18 19:37:06 2021 『传闻』春云夏雨打开任务宝箱，得到了1677点实战经验，335点潜能。
[2;37;0m
Sat Dec 18 19:37:06 2021 『传闻』春云夏雨打开任务宝箱，得到了880点实战经验，176点潜能。
[2;37;0m
Sat Dec 18 19:37:06 2021 『传闻』春云夏雨打开任务宝箱，得到了2775点实战经验，555点潜能。
[2;37;0m
Sat Dec 18 19:37:06 2021 『传闻』春云夏雨打开任务宝箱，得到了1365点实战经验，273点潜能。
[2;37;0m
Sat Dec 18 19:39:24 2021 『传闻』春云夏雨打开任务宝箱，得到了2652点实战经验，530点潜能。
[2;37;0m
Sat Dec 18 19:39:24 2021 『传闻』春云夏雨打开任务宝箱，得到了2450点实战经验，490点潜能。
[2;37;0m
Sat Dec 18 19:39:25 2021 『传闻』春云夏雨打开任务宝箱，得到了649点实战经验，129点潜能。
[2;37;0m
Sat Dec 18 19:39:26 2021 『传闻』春云夏雨打开任务宝箱，得到了2657点实战经验，531点潜能。
[2;37;0m
Sat Dec 18 19:45:21 2021 『传闻』春云夏雨打开任务宝箱，得到了1306点实战经验，261点潜能。
[2;37;0m
Sat Dec 18 19:45:22 2021 『传闻』春云夏雨打开任务宝箱，得到了607点实战经验，121点潜能。
[2;37;0m
Sat Dec 18 19:45:22 2021 『传闻』春云夏雨打开任务宝箱，得到了2131点实战经验，426点潜能。
[2;37;0m
Sat Dec 18 19:45:22 2021 『传闻』春云夏雨打开任务宝箱，得到了2449点实战经验，489点潜能。
[2;37;0m
Sat Dec 18 19:50:54 2021 『传闻』春云夏雨打开任务宝箱，得到了2911点实战经验，582点潜能。
[2;37;0m
Sat Dec 18 19:50:54 2021 『传闻』春云夏雨打开任务宝箱，得到了180点实战经验，36点潜能。
[2;37;0m
Sat Dec 18 19:50:54 2021 『传闻』春云夏雨打开任务宝箱，得到了990点实战经验，198点潜能。
[2;37;0m
Sat Dec 18 19:50:54 2021 『传闻』春云夏雨打开任务宝箱，得到了1047点实战经验，209点潜能。
[2;37;0m
Sat Dec 18 19:54:51 2021 『传闻』春云夏雨打开任务宝箱，得到了2826点实战经验，565点潜能。
[2;37;0m
Sat Dec 18 19:54:51 2021 『传闻』春云夏雨打开任务宝箱，得到了1738点实战经验，347点潜能。
[2;37;0m
Sat Dec 18 19:54:52 2021 『传闻』春云夏雨打开任务宝箱，得到了1342点实战经验，268点潜能。
[2;37;0m
Sat Dec 18 19:54:52 2021 『传闻』春云夏雨打开任务宝箱，得到了2608点实战经验，521点潜能。
[2;37;0m
Sat Dec 18 19:58:04 2021 『传闻』春云夏雨打开任务宝箱，得到了1608点实战经验，321点潜能。
[2;37;0m
Sat Dec 18 19:58:04 2021 『传闻』春云夏雨打开任务宝箱，得到了456点实战经验，91点潜能。
[2;37;0m
Sat Dec 18 19:58:05 2021 『传闻』春云夏雨打开任务宝箱，得到了841点实战经验，168点潜能。
[2;37;0m
Sat Dec 18 19:58:05 2021 『传闻』春云夏雨打开任务宝箱，得到了2735点实战经验，547点潜能。
[2;37;0m
Sat Dec 18 20:07:46 2021 『传闻』春云夏雨打开任务宝箱，得到了140点实战经验，28点潜能。
[2;37;0m
Sat Dec 18 20:07:50 2021 『传闻』春云夏雨打开任务宝箱，得到了294点实战经验，58点潜能。
[2;37;0m
Sat Dec 18 20:07:50 2021 『传闻』春云夏雨打开任务宝箱，得到了949点实战经验，189点潜能。
[2;37;0m
Sat Dec 18 20:07:50 2021 『传闻』春云夏雨打开任务宝箱，得到了694点实战经验，138点潜能。
[2;37;0m
Sat Dec 18 20:10:40 2021 『传闻』春云夏雨打开任务宝箱，得到了2979点实战经验，595点潜能。
[2;37;0m
Sat Dec 18 20:10:45 2021 『传闻』春云夏雨打开任务宝箱，得到了2122点实战经验，424点潜能。
[2;37;0m
Sat Dec 18 20:10:46 2021 『传闻』春云夏雨打开任务宝箱，得到了2836点实战经验，567点潜能。
[2;37;0m
Sat Dec 18 20:10:46 2021 『传闻』春云夏雨打开任务宝箱，得到了1017点实战经验，203点潜能。
[2;37;0m
Sat Dec 18 20:17:21 2021 『传闻』春云夏雨打开任务宝箱，得到了1982点实战经验，396点潜能。
[2;37;0m
Sat Dec 18 20:17:21 2021 『传闻』春云夏雨打开任务宝箱，得到了2912点实战经验，582点潜能。
[2;37;0m
Sat Dec 18 20:17:21 2021 『传闻』春云夏雨打开任务宝箱，得到了1648点实战经验，329点潜能。
[2;37;0m
Sat Dec 18 20:17:27 2021 『传闻』春云夏雨打开任务宝箱，得到了1758点实战经验，351点潜能。
[2;37;0m
Sat Dec 18 20:18:18 2021 『传闻』春云夏雨打开任务宝箱，得到了2607点实战经验，521点潜能。
[2;37;0m
Sat Dec 18 20:18:18 2021 『传闻』春云夏雨打开任务宝箱，得到了1877点实战经验，375点潜能。
[2;37;0m
Sat Dec 18 20:18:19 2021 『传闻』春云夏雨打开任务宝箱，得到了1191点实战经验，238点潜能。
[2;37;0m
Sat Dec 18 20:18:19 2021 『传闻』春云夏雨打开任务宝箱，得到了2948点实战经验，589点潜能。
[2;37;0m
Sat Dec 18 20:27:04 2021 『传闻』春云夏雨打开任务宝箱，得到了1496点实战经验，299点潜能。
[2;37;0m
Sat Dec 18 20:27:04 2021 『传闻』春云夏雨打开任务宝箱，得到了1522点实战经验，304点潜能。
[2;37;0m
Sat Dec 18 20:27:05 2021 『传闻』春云夏雨打开任务宝箱，得到了1754点实战经验，350点潜能。
[2;37;0m
Sat Dec 18 20:27:05 2021 『传闻』春云夏雨打开任务宝箱，得到了2059点实战经验，411点潜能。
[2;37;0m
Sat Dec 18 20:27:40 2021 『传闻』春云夏雨打开任务宝箱，得到了808点实战经验，161点潜能。
[2;37;0m
Sat Dec 18 20:27:41 2021 『传闻』春云夏雨打开任务宝箱，得到了886点实战经验，177点潜能。
[2;37;0m
Sat Dec 18 20:27:41 2021 『传闻』春云夏雨打开任务宝箱，得到了2741点实战经验，548点潜能。
[2;37;0m
Sat Dec 18 20:27:42 2021 『传闻』春云夏雨打开任务宝箱，得到了519点实战经验，103点潜能。
[2;37;0m
Sat Dec 18 20:32:33 2021 『传闻』春云夏雨打开任务宝箱，得到了2404点实战经验，480点潜能。
[2;37;0m
Sat Dec 18 20:32:33 2021 『传闻』春云夏雨打开任务宝箱，得到了2885点实战经验，577点潜能。
[2;37;0m
Sat Dec 18 20:35:47 2021 『传闻』春云夏雨打开任务宝箱，得到了2337点实战经验，467点潜能。
[2;37;0m
Sat Dec 18 20:35:47 2021 『传闻』春云夏雨打开任务宝箱，得到了1357点实战经验，271点潜能。
[2;37;0m
Sat Dec 18 20:35:47 2021 『传闻』春云夏雨打开任务宝箱，得到了947点实战经验，189点潜能。
[2;37;0m
Sat Dec 18 20:35:48 2021 『传闻』春云夏雨打开任务宝箱，得到了2923点实战经验，584点潜能。
[2;37;0m
Sat Dec 18 20:36:49 2021 『传闻』春云夏雨打开任务宝箱，得到了1491点实战经验，298点潜能。
[2;37;0m
Sat Dec 18 20:36:49 2021 『传闻』春云夏雨打开任务宝箱，得到了2246点实战经验，449点潜能。
[2;37;0m
Sat Dec 18 20:36:49 2021 『传闻』春云夏雨打开任务宝箱，得到了2831点实战经验，566点潜能。
[2;37;0m
Sat Dec 18 20:36:50 2021 『传闻』春云夏雨打开任务宝箱，得到了2124点实战经验，424点潜能。
[2;37;0m
Sat Dec 18 20:55:45 2021 『传闻』春云夏雨打开任务宝箱，得到了2117点实战经验，423点潜能。
[2;37;0m
Sat Dec 18 20:55:45 2021 『传闻』春云夏雨打开任务宝箱，得到了1025点实战经验，205点潜能。
[2;37;0m
Sat Dec 18 20:55:45 2021 『传闻』春云夏雨打开任务宝箱，得到了2017点实战经验，403点潜能。
[2;37;0m
Sat Dec 18 20:55:46 2021 『传闻』春云夏雨打开任务宝箱，得到了1146点实战经验，229点潜能。
[2;37;0m
Sat Dec 18 20:56:09 2021 『传闻』春云夏雨打开任务宝箱，得到了501点实战经验，100点潜能。
[2;37;0m
Sat Dec 18 20:56:09 2021 『传闻』春云夏雨打开任务宝箱，得到了1906点实战经验，381点潜能。
[2;37;0m
Sat Dec 18 20:56:10 2021 『传闻』春云夏雨打开任务宝箱，得到了3点实战经验，0点潜能。
[2;37;0m
Sat Dec 18 20:56:10 2021 『传闻』春云夏雨打开任务宝箱，得到了1380点实战经验，276点潜能。
[2;37;0m
Sat Dec 18 21:06:36 2021 『传闻』春云夏雨打开任务宝箱，得到了2700点实战经验，540点潜能。
[2;37;0m
Sat Dec 18 21:06:36 2021 『传闻』春云夏雨打开任务宝箱，得到了1757点实战经验，351点潜能。
[2;37;0m
Sat Dec 18 21:06:36 2021 『传闻』春云夏雨打开任务宝箱，得到了678点实战经验，135点潜能。
[2;37;0m
Sat Dec 18 21:06:37 2021 『传闻』春云夏雨打开任务宝箱，得到了2931点实战经验，586点潜能。
[2;37;0m
Sat Dec 18 21:09:17 2021 『传闻』春云夏雨打开任务宝箱，得到了703点实战经验，140点潜能。
[2;37;0m
Sat Dec 18 21:09:17 2021 『传闻』春云夏雨打开任务宝箱，得到了2976点实战经验，595点潜能。
[2;37;0m
Sat Dec 18 21:22:56 2021 『传闻』丁未年四月四日巳时二刻，铁传甲追袭梅花盗未果，中桃花瘴重伤而归。
Sat Dec 18 21:44:41 2021 『传闻』春云夏雨打开任务宝箱，得到了214点实战经验，42点潜能。
[2;37;0m
Sat Dec 18 21:44:42 2021 『传闻』春云夏雨打开任务宝箱，得到了959点实战经验，191点潜能。
[2;37;0m
Sat Dec 18 21:44:42 2021 『传闻』春云夏雨打开任务宝箱，得到了2643点实战经验，528点潜能。
[2;37;0m
Sat Dec 18 21:44:42 2021 『传闻』春云夏雨打开任务宝箱，得到了782点实战经验，156点潜能。
[2;37;0m
Sat Dec 18 21:45:50 2021 『传闻』春云夏雨打开任务宝箱，得到了2704点实战经验，540点潜能。
[2;37;0m
Sat Dec 18 21:45:51 2021 『传闻』春云夏雨打开任务宝箱，得到了1276点实战经验，255点潜能。
[2;37;0m
Sat Dec 18 21:46:05 2021 『传闻』春云夏雨打开任务宝箱，得到了2831点实战经验，566点潜能。
[2;37;0m
Sat Dec 18 21:46:05 2021 『传闻』春云夏雨打开任务宝箱，得到了1434点实战经验，286点潜能。
[2;37;0m
Sat Dec 18 21:56:21 2021 『传闻』春云夏雨打开任务宝箱，得到了2653点实战经验，530点潜能。
[2;37;0m
Sat Dec 18 21:56:21 2021 『传闻』春云夏雨打开任务宝箱，得到了1596点实战经验，319点潜能。
[2;37;0m
Sat Dec 18 21:56:41 2021 『传闻』春云夏雨打开任务宝箱，得到了168点实战经验，33点潜能。
[2;37;0m
Sat Dec 18 21:56:41 2021 『传闻』春云夏雨打开任务宝箱，得到了887点实战经验，177点潜能。
[2;37;0m
Sat Dec 18 21:56:42 2021 『传闻』春云夏雨打开任务宝箱，得到了2609点实战经验，521点潜能。
[2;37;0m
Sat Dec 18 21:56:42 2021 『传闻』春云夏雨打开任务宝箱，得到了253点实战经验，50点潜能。
[2;37;0m
Sat Dec 18 21:56:42 2021 『传闻』春云夏雨打开任务宝箱，得到了1613点实战经验，322点潜能。
[2;37;0m
Sat Dec 18 21:56:43 2021 『传闻』春云夏雨打开任务宝箱，得到了2070点实战经验，414点潜能。
[2;37;0m
Sat Dec 18 22:02:46 2021 『传闻』春云夏雨打开任务宝箱，得到了315点实战经验，63点潜能。
[2;37;0m
Sat Dec 18 22:02:47 2021 『传闻』春云夏雨打开任务宝箱，得到了468点实战经验，93点潜能。
[2;37;0m
Sat Dec 18 22:02:47 2021 『传闻』春云夏雨打开任务宝箱，得到了2335点实战经验，467点潜能。
[2;37;0m
Sat Dec 18 22:02:48 2021 『传闻』春云夏雨打开任务宝箱，得到了919点实战经验，183点潜能。
[2;37;0m
Sat Dec 18 22:56:20 2021 『传闻』丁未年四月八日辰时一刻，铁传甲追袭梅花盗未果，中桃花瘴重伤而归。
Sun Dec 19 03:35:17 2021 『传闻』丁未年四月十九日亥时三刻，铁传甲追袭梅花盗未果，中桃花瘴重伤而归。
Sun Dec 19 07:50:10 2021 『传闻』丁未年四月三十日未时一刻，铁传甲追袭梅花盗未果，中桃花瘴重伤而归。
Sun Dec 19 10:37:19 2021 『传闻』丁未年五月七日午时三刻，铁传甲追袭梅花盗未果，中桃花瘴重伤而归。
Sun Dec 19 12:14:59 2021 『传闻』丁未年五月十一日未时二刻，打分于陋巷[1;33m狙杀[1;33m胡歪瓜。
Sun Dec 19 12:57:21 2021 『传闻』丁未年五月十三日辰时三刻，铁传甲追袭梅花盗未果，中桃花瘴重伤而归。
Sun Dec 19 13:53:50 2021 『传闻』丁未年五月十五日申时四刻，铁传甲追袭梅花盗未果，中桃花瘴重伤而归。
Sun Dec 19 16:31:04 2021 『传闻』丁未年五月二十二日卯时三刻，铁传甲追袭梅花盗未果，中桃花瘴重伤而归。
"Sun Dec 19 16:52:26 2021" 『"闲聊" 』"史矛革" ("smaug" )：0 
Sun Dec 19 18:33:25 2021 『传闻』丁未年五月二十七日辰时三刻，铁传甲追袭梅花盗未果，中桃花瘴重伤而归。
Sun Dec 19 20:15:30 2021 『传闻』丁未年六月一日未时四刻，铁传甲追袭梅花盗未果，中桃花瘴重伤而归。
Sun Dec 19 22:15:34 2021 『传闻』丁未年六月六日未时四刻，铁传甲追袭梅花盗未果，中桃花瘴重伤而归。
Mon Dec 20 01:31:05 2021 『传闻』丁未年六月十四日酉时三刻，铁传甲追袭梅花盗未果，中桃花瘴重伤而归。
Mon Dec 20 02:07:10 2021 『传闻』丁未年六月十六日卯时三刻，铁传甲追袭梅花盗未果，中桃花瘴重伤而归。
Mon Dec 20 05:29:42 2021 『传闻』丁未年六月二十四日申时四刻，铁传甲追袭梅花盗未果，中桃花瘴重伤而归。
Mon Dec 20 11:48:26 2021 『传闻』丁未年七月十日午时一刻，铁传甲追袭梅花盗未果，中桃花瘴重伤而归。
Mon Dec 20 14:54:35 2021 『传闻』丁未年七月十八日卯时二刻，铁传甲追袭梅花盗未果，中桃花瘴重伤而归。
Mon Dec 20 16:32:08 2021 『传闻』丁未年七月二十二日辰时一刻，铁传甲追袭梅花盗未果，中桃花瘴重伤而归。
Mon Dec 20 18:19:27 2021 『传闻』丁未年七月二十六日酉时三刻，铁传甲追袭梅花盗未果，中桃花瘴重伤而归。
Mon Dec 20 19:01:55 2021 『传闻』丁未年七月二十八日午时四刻，铁传甲追袭梅花盗未果，中桃花瘴重伤而归。
Tue Dec 21 01:23:52 2021 『传闻』丁未年八月十四日巳时四刻，铁传甲追袭梅花盗未果，中桃花瘴重伤而归。
Tue Dec 21 02:16:52 2021 『传闻』丁未年八月十六日申时二刻，铁传甲追袭梅花盗未果，中桃花瘴重伤而归。
Tue Dec 21 03:20:43 2021 『传闻』丁未年八月十九日辰时二刻，铁传甲追袭梅花盗未果，中桃花瘴重伤而归。
Tue Dec 21 06:34:45 2021 『传闻』丁未年八月二十七日巳时二刻，铁传甲追袭梅花盗未果，中桃花瘴重伤而归。
Tue Dec 21 08:33:18 2021 『传闻』丁未年九月二日辰时三刻，铁传甲追袭梅花盗未果，中桃花瘴重伤而归。
Tue Dec 21 09:52:16 2021 『传闻』丁未年九月五日申时一刻，铁传甲追袭梅花盗未果，中桃花瘴重伤而归。
Tue Dec 21 11:31:06 2021 『传闻』丁未年九月九日酉时三刻，铁传甲追袭梅花盗未果，中桃花瘴重伤而归。
Tue Dec 21 17:05:07 2021 『传闻』丁未年九月二十三日申时三刻，铁传甲追袭梅花盗未果，中桃花瘴重伤而归。
Tue Dec 21 19:50:27 2021 『传闻』丁未年九月三十日未时一刻，铁传甲追袭梅花盗未果，中桃花瘴重伤而归。
Tue Dec 21 21:08:14 2021 『传闻』丁未年十月三日戌时一刻，铁传甲追袭梅花盗未果，中桃花瘴重伤而归。
Tue Dec 21 22:35:21 2021 『传闻』丁未年十月七日巳时三刻，铁传甲追袭梅花盗未果，中桃花瘴重伤而归。
Wed Dec 22 00:37:37 2021 『传闻』丁未年十月十二日午时四刻，铁传甲追袭梅花盗未果，中桃花瘴重伤而归。
Wed Dec 22 02:10:37 2021 『传闻』丁未年十月十六日巳时二刻，铁传甲追袭梅花盗未果，中桃花瘴重伤而归。
Wed Dec 22 07:47:54 2021 『传闻』丁未年十月三十日巳时四刻，铁传甲追袭梅花盗未果，中桃花瘴重伤而归。
Wed Dec 22 09:26:31 2021 『传闻』丁未年十一月四日未时二刻，铁传甲追袭梅花盗未果，中桃花瘴重伤而归。
Wed Dec 22 11:02:29 2021 『传闻』丁未年十一月八日未时一刻，铁传甲追袭梅花盗未果，中桃花瘴重伤而归。
Wed Dec 22 15:46:45 2021 『传闻』丁未年十一月二十日巳时二刻，铁传甲追袭梅花盗未果，中桃花瘴重伤而归。
Wed Dec 22 17:25:57 2021 『传闻』丁未年十一月二十四日午时四刻，铁传甲追袭梅花盗未果，中桃花瘴重伤而归。
Wed Dec 22 20:34:20 2021 『传闻』丁未年十二月二日巳时一刻，铁传甲追袭梅花盗未果，中桃花瘴重伤而归。
Wed Dec 22 22:39:40 2021 『传闻』丁未年十二月七日未时四刻，铁传甲追袭梅花盗未果，中桃花瘴重伤而归。
Wed Dec 22 23:21:05 2021 『传闻』丁未年十二月九日辰时三刻，铁传甲追袭梅花盗未果，中桃花瘴重伤而归。
Thu Dec 23 04:17:10 2021 『传闻』丁未年十二月二十一日申时三刻，铁传甲追袭梅花盗未果，中桃花瘴重伤而归。
Thu Dec 23 07:51:13 2021 『传闻』丁未年十二月三十日未时三刻，铁传甲追袭梅花盗未果，中桃花瘴重伤而归。
Thu Dec 23 10:31:36 2021 『传闻』戊申年一月七日卯时四刻，铁传甲追袭梅花盗未果，中桃花瘴重伤而归。
Thu Dec 23 12:14:29 2021 『传闻』戊申年一月十一日未时一刻，铁传甲追袭梅花盗未果，中桃花瘴重伤而归。
Thu Dec 23 14:38:59 2021 『传闻』戊申年一月十七日未时二刻，铁传甲追袭梅花盗未果，中桃花瘴重伤而归。
Thu Dec 23 17:27:22 2021 『传闻』戊申年一月二十四日未时三刻，铁传甲追袭梅花盗未果，中桃花瘴重伤而归。
Fri Dec 24 00:08:09 2021 『传闻』戊申年二月十一日辰时一刻，铁传甲追袭梅花盗未果，中桃花瘴重伤而归。
Fri Dec 24 02:09:15 2021 『传闻』戊申年二月十六日辰时三刻，铁传甲追袭梅花盗未果，中桃花瘴重伤而归。
Fri Dec 24 03:28:30 2021 『传闻』戊申年二月十九日申时二刻，铁传甲追袭梅花盗未果，中桃花瘴重伤而归。
Fri Dec 24 08:22:28 2021 『传闻』戊申年三月一日亥时一刻，铁传甲追袭梅花盗未果，中桃花瘴重伤而归。
Fri Dec 24 13:28:59 2021 『传闻』戊申年三月十四日申时二刻，铁传甲追袭梅花盗未果，中桃花瘴重伤而归。
"Fri Dec 24 18:23:44 2021" 『"新手" 』"小月" ("xyue" )：0 
"Fri Dec 24 18:23:49 2021" 『"新手" 』"小月" ("xyue" )："有人吗" 
Fri Dec 24 18:55:25 2021 『传闻』戊申年三月二十八日卯时三刻，铁传甲追袭梅花盗未果，中桃花瘴重伤而归。
"Fri Dec 24 18:56:27 2021" 『"新手" 』"小月" ("xyue" )："hi" 
"Fri Dec 24 18:56:29 2021" 『"新手" 』"小月" ("xyue" )：0 
Fri Dec 24 19:02:51 2021 『传闻』戊申年三月二十八日未时二刻，小月于出巡阁[1;33m砍杀[1;33m铜护卫。
Fri Dec 24 19:09:35 2021 『传闻』戊申年三月二十八日戌时四刻，小月于五乳峰[1;33m狙杀[1;33m伯罗各答。
Fri Dec 24 21:49:08 2021 『传闻』戊申年四月五日午时三刻，铁传甲追袭梅花盗未果，中桃花瘴重伤而归。
Fri Dec 24 22:39:25 2021 『传闻』戊申年四月七日未时三刻，铁传甲追袭梅花盗未果，中桃花瘴重伤而归。
Fri Dec 24 23:27:27 2021 『传闻』戊申年四月九日未时三刻，铁传甲追袭梅花盗未果，中桃花瘴重伤而归。
Sat Dec 25 01:19:12 2021 『传闻』戊申年四月十四日卯时三刻，铁传甲追袭梅花盗未果，中桃花瘴重伤而归。
Sat Dec 25 02:05:07 2021 『传闻』戊申年四月十六日寅时三刻，铁传甲追袭梅花盗未果，中桃花瘴重伤而归。
Sat Dec 25 03:02:35 2021 『传闻』戊申年四月十八日未时二刻，铁传甲追袭梅花盗未果，中桃花瘴重伤而归。
Sat Dec 25 04:13:20 2021 『传闻』戊申年四月二十一日午时三刻，铁传甲追袭梅花盗未果，中桃花瘴重伤而归。
Sat Dec 25 05:21:26 2021 『传闻』戊申年四月二十四日辰时三刻，铁传甲追袭梅花盗未果，中桃花瘴重伤而归。
Sat Dec 25 08:36:15 2021 『传闻』戊申年五月二日午时一刻，铁传甲追袭梅花盗未果，中桃花瘴重伤而归。
Sat Dec 25 10:44:42 2021 『传闻』戊申年五月七日戌时二刻，铁传甲追袭梅花盗未果，中桃花瘴重伤而归。
Sat Dec 25 12:39:33 2021 『传闻』戊申年五月十二日未时四刻，铁传甲追袭梅花盗未果，中桃花瘴重伤而归。
Sat Dec 25 13:27:38 2021 『传闻』戊申年五月十四日未时四刻，铁传甲追袭梅花盗未果，中桃花瘴重伤而归。
Sat Dec 25 15:03:41 2021 『传闻』戊申年五月十八日未时四刻，铁传甲追袭梅花盗未果，中桃花瘴重伤而归。
Sat Dec 25 19:02:41 2021 『传闻』戊申年五月二十八日未时二刻，铁传甲追袭梅花盗未果，中桃花瘴重伤而归。
Sat Dec 25 21:52:42 2021 『传闻』戊申年六月五日申时二刻，铁传甲追袭梅花盗未果，中桃花瘴重伤而归。
Sun Dec 26 01:06:03 2021 『传闻』戊申年六月十三日酉时一刻，铁传甲追袭梅花盗未果，中桃花瘴重伤而归。
Sun Dec 26 02:53:32 2021 『传闻』戊申年六月十八日寅时四刻，铁传甲追袭梅花盗未果，中桃花瘴重伤而归。
Sun Dec 26 06:23:46 2021 『传闻』戊申年六月二十六日亥时四刻，铁传甲追袭梅花盗未果，中桃花瘴重伤而归。
Sun Dec 26 08:16:37 2021 『传闻』戊申年七月一日申时二刻，铁传甲追袭梅花盗未果，中桃花瘴重伤而归。
Sun Dec 26 13:23:14 2021 『传闻』戊申年七月十四日巳时三刻，铁传甲追袭梅花盗未果，中桃花瘴重伤而归。
Sun Dec 26 15:20:43 2021 『传闻』戊申年七月十九日辰时二刻，铁传甲追袭梅花盗未果，中桃花瘴重伤而归。
Sun Dec 26 20:52:54 2021 『传闻』戊申年八月三日寅时二刻，铁传甲追袭梅花盗未果，中桃花瘴重伤而归。
Sun Dec 26 22:31:05 2021 『传闻』戊申年八月七日卯时三刻，铁传甲追袭梅花盗未果，中桃花瘴重伤而归。
Sun Dec 26 23:47:54 2021 『传闻』戊申年八月十日巳时四刻，铁传甲追袭梅花盗未果，中桃花瘴重伤而归。
Mon Dec 27 00:36:29 2021 『传闻』戊申年八月十二日午时一刻，铁传甲追袭梅花盗未果，中桃花瘴重伤而归。
Mon Dec 27 02:38:29 2021 『传闻』戊申年八月十七日未时一刻，铁传甲追袭梅花盗未果，中桃花瘴重伤而归。
Mon Dec 27 04:17:09 2021 『传闻』戊申年八月二十一日申时三刻，铁传甲追袭梅花盗未果，中桃花瘴重伤而归。
Mon Dec 27 06:35:49 2021 『传闻』戊申年八月二十七日巳时四刻，铁传甲追袭梅花盗未果，中桃花瘴重伤而归。
Mon Dec 27 08:12:48 2021 『传闻』戊申年九月一日午时二刻，铁传甲追袭梅花盗未果，中桃花瘴重伤而归。
Mon Dec 27 10:08:27 2021 『传闻』戊申年九月六日辰时一刻，铁传甲追袭梅花盗未果，中桃花瘴重伤而归。
Mon Dec 27 13:40:28 2021 『传闻』戊申年九月十五日寅时一刻，铁传甲追袭梅花盗未果，中桃花瘴重伤而归。
Mon Dec 27 14:55:07 2021 『传闻』戊申年九月十八日卯时三刻，铁传甲追袭梅花盗未果，中桃花瘴重伤而归。
Mon Dec 27 17:05:54 2021 『传闻』戊申年九月二十三日申时四刻，铁传甲追袭梅花盗未果，中桃花瘴重伤而归。
Mon Dec 27 20:53:36 2021 『传闻』戊申年十月三日寅时四刻，铁传甲追袭梅花盗未果，中桃花瘴重伤而归。
Mon Dec 27 22:15:50 2021 『传闻』戊申年十月六日未时四刻，铁传甲追袭梅花盗未果，中桃花瘴重伤而归。
Mon Dec 27 22:56:03 2021 『传闻』戊申年十月八日辰时一刻，铁传甲追袭梅花盗未果，中桃花瘴重伤而归。
Tue Dec 28 00:34:59 2021 『传闻』戊申年十月十二日巳时二刻，铁传甲追袭梅花盗未果，中桃花瘴重伤而归。
Tue Dec 28 01:55:38 2021 『传闻』戊申年十月十五日酉时四刻，铁传甲追袭梅花盗未果，中桃花瘴重伤而归。
Tue Dec 28 07:25:41 2021 『传闻』戊申年十月二十九日午时四刻，铁传甲追袭梅花盗未果，中桃花瘴重伤而归。
Tue Dec 28 09:29:17 2021 『传闻』戊申年十一月四日申时三刻，铁传甲追袭梅花盗未果，中桃花瘴重伤而归。
Tue Dec 28 11:24:06 2021 『传闻』戊申年十一月九日午时一刻，铁传甲追袭梅花盗未果，中桃花瘴重伤而归。
Tue Dec 28 15:02:18 2021 『传闻』戊申年十一月十八日未时一刻，铁传甲追袭梅花盗未果，中桃花瘴重伤而归。
Tue Dec 28 17:02:06 2021 『传闻』戊申年十一月二十三日未时一刻，铁传甲追袭梅花盗未果，中桃花瘴重伤而归。
Tue Dec 28 17:50:36 2021 『传闻』戊申年十一月二十五日未时二刻，铁传甲追袭梅花盗未果，中桃花瘴重伤而归。
Tue Dec 28 18:14:48 2021 『传闻』戊申年十一月二十六日未时二刻，打分于寺院[1;33m斩杀[1;33m云松。
Tue Dec 28 21:45:08 2021 『传闻』戊申年十二月五日辰时三刻，铁传甲追袭梅花盗未果，中桃花瘴重伤而归。
Wed Dec 29 00:37:31 2021 『传闻』戊申年十二月十二日午时四刻，铁传甲追袭梅花盗未果，中桃花瘴重伤而归。
Wed Dec 29 01:51:07 2021 『传闻』戊申年十二月十五日未时三刻，铁传甲追袭梅花盗未果，中桃花瘴重伤而归。
Wed Dec 29 06:41:44 2021 『传闻』戊申年十二月二十七日申时四刻，铁传甲追袭梅花盗未果，中桃花瘴重伤而归。
Wed Dec 29 09:18:22 2021 『传闻』己酉年一月四日卯时一刻，铁传甲追袭梅花盗未果，中桃花瘴重伤而归。
Wed Dec 29 12:37:55 2021 『传闻』己酉年一月十二日午时四刻，铁传甲追袭梅花盗未果，中桃花瘴重伤而归。
Wed Dec 29 16:14:27 2021 『传闻』己酉年一月二十一日未时一刻，铁传甲追袭梅花盗未果，中桃花瘴重伤而归。
Wed Dec 29 16:34:54 2021 『传闻』己酉年一月二十二日巳时二刻，聪明于仙人洞[1;33m斩杀[1;33m蓝天锤。
Wed Dec 29 16:35:09 2021 『传闻』聪明打开任务宝箱，得到了149点实战经验，29点潜能。
[2;37;0m
Wed Dec 29 16:47:29 2021 『传闻』聪明打开任务宝箱，得到了459点实战经验，91点潜能。
[2;37;0m
Wed Dec 29 16:53:36 2021 『传闻』己酉年一月二十三日寅时四刻，聪明于小土洞[1;33m劈杀[1;33m毛野。
Wed Dec 29 16:55:28 2021 『传闻』己酉年一月二十三日卯时三刻，聪明于黑屋[1;33m砍杀[1;33m宋妈妈。
"Wed Dec 29 17:26:03 2021" 『"新手" 』"聪明" ("shj" )："hi" 
Wed Dec 29 18:17:27 2021 『传闻』己酉年一月二十六日申时三刻，铁传甲追袭梅花盗未果，中桃花瘴重伤而归。
Wed Dec 29 18:53:49 2021 『传闻』己酉年一月二十八日寅时四刻，铁传甲追袭梅花盗未果，中桃花瘴重伤而归。
Wed Dec 29 23:27:01 2021 『传闻』己酉年二月九日未时三刻，铁传甲追袭梅花盗未果，中桃花瘴重伤而归。
Thu Dec 30 02:13:02 2021 『传闻』己酉年二月十六日午时三刻，铁传甲追袭梅花盗未果，中桃花瘴重伤而归。
Thu Dec 30 04:12:58 2021 『传闻』己酉年二月二十一日午时二刻，铁传甲追袭梅花盗未果，中桃花瘴重伤而归。
Thu Dec 30 08:17:14 2021 『传闻』己酉年三月一日申时三刻，铁传甲追袭梅花盗未果，中桃花瘴重伤而归。
Thu Dec 30 12:34:30 2021 『传闻』己酉年三月十二日巳时二刻，铁传甲追袭梅花盗未果，中桃花瘴重伤而归。
Thu Dec 30 17:17:10 2021 『传闻』己酉年三月二十四日寅时三刻，铁传甲追袭梅花盗未果，中桃花瘴重伤而归。
Thu Dec 30 19:53:20 2021 『传闻』己酉年三月三十日申时三刻，铁传甲追袭梅花盗未果，中桃花瘴重伤而归。
Fri Dec 31 00:16:58 2021 『传闻』己酉年四月十一日申时二刻，铁传甲追袭梅花盗未果，中桃花瘴重伤而归。
Fri Dec 31 04:57:00 2021 『传闻』己酉年四月二十三日辰时三刻，铁传甲追袭梅花盗未果，中桃花瘴重伤而归。
Fri Dec 31 05:45:49 2021 『传闻』己酉年四月二十五日辰时四刻，铁传甲追袭梅花盗未果，中桃花瘴重伤而归。
Fri Dec 31 11:03:41 2021 『传闻』己酉年五月八日未时四刻，铁传甲追袭梅花盗未果，中桃花瘴重伤而归。
Fri Dec 31 12:40:04 2021 『传闻』己酉年五月十二日申时一刻，铁传甲追袭梅花盗未果，中桃花瘴重伤而归。
Fri Dec 31 13:52:01 2021 『传闻』己酉年五月十五日申时一刻，铁传甲追袭梅花盗未果，中桃花瘴重伤而归。
Fri Dec 31 15:30:26 2021 『传闻』己酉年五月十九日酉时一刻，铁传甲追袭梅花盗未果，中桃花瘴重伤而归。
Fri Dec 31 17:00:14 2021 『传闻』己酉年五月二十三日午时一刻，铁传甲追袭梅花盗未果，中桃花瘴重伤而归。
Fri Dec 31 20:14:32 2021 『传闻』己酉年六月一日未时二刻，铁传甲追袭梅花盗未果，中桃花瘴重伤而归。
Fri Dec 31 23:26:08 2021 『传闻』己酉年六月九日未时一刻，铁传甲追袭梅花盗未果，中桃花瘴重伤而归。
Sat Jan 01 03:02:45 2022 『传闻』己酉年六月十八日未时二刻，铁传甲追袭梅花盗未果，中桃花瘴重伤而归。
Sat Jan 01 04:35:05 2022 『传闻』己酉年六月二十二日巳时三刻，铁传甲追袭梅花盗未果，中桃花瘴重伤而归。
Sat Jan 01 05:28:52 2022 『传闻』己酉年六月二十四日申时二刻，铁传甲追袭梅花盗未果，中桃花瘴重伤而归。
Sat Jan 01 08:10:43 2022 『传闻』己酉年七月一日巳时二刻，铁传甲追袭梅花盗未果，中桃花瘴重伤而归。
Sat Jan 01 15:21:45 2022 『传闻』己酉年七月十九日辰时四刻，铁传甲追袭梅花盗未果，中桃花瘴重伤而归。
Sat Jan 01 18:54:15 2022 『传闻』己酉年七月二十八日卯时一刻，铁传甲追袭梅花盗未果，中桃花瘴重伤而归。
Sat Jan 01 20:35:10 2022 『传闻』己酉年八月二日巳时三刻，铁传甲追袭梅花盗未果，中桃花瘴重伤而归。
Sat Jan 01 22:31:42 2022 『传闻』己酉年八月七日卯时四刻，铁传甲追袭梅花盗未果，中桃花瘴重伤而归。
Sun Jan 02 01:24:43 2022 『传闻』己酉年八月十四日午时二刻，铁传甲追袭梅花盗未果，中桃花瘴重伤而归。
Sun Jan 02 03:02:49 2022 『传闻』己酉年八月十八日未时二刻，铁传甲追袭梅花盗未果，中桃花瘴重伤而归。
Sun Jan 02 05:43:53 2022 『传闻』己酉年八月二十五日卯时四刻，铁传甲追袭梅花盗未果，中桃花瘴重伤而归。
Sun Jan 02 08:08:36 2022 『传闻』己酉年九月一日辰时二刻，铁传甲追袭梅花盗未果，中桃花瘴重伤而归。
Sun Jan 02 10:35:38 2022 『传闻』己酉年九月七日巳时四刻，铁传甲追袭梅花盗未果，中桃花瘴重伤而归。
Sun Jan 02 11:47:43 2022 『传闻』己酉年九月十日巳时四刻，铁传甲追袭梅花盗未果，中桃花瘴重伤而归。
Sun Jan 02 17:03:11 2022 『传闻』己酉年九月二十三日未时三刻，铁传甲追袭梅花盗未果，中桃花瘴重伤而归。
Sun Jan 02 19:01:25 2022 『传闻』己酉年九月二十八日午时三刻，铁传甲追袭梅花盗未果，中桃花瘴重伤而归。
Sun Jan 02 21:20:47 2022 『传闻』己酉年十月四日辰时二刻，铁传甲追袭梅花盗未果，中桃花瘴重伤而归。
Mon Jan 03 05:41:32 2022 『传闻』己酉年十月二十五日寅时四刻，铁传甲追袭梅花盗未果，中桃花瘴重伤而归。
Mon Jan 03 08:33:53 2022 『传闻』己酉年十一月二日辰时四刻，铁传甲追袭梅花盗未果，中桃花瘴重伤而归。
Mon Jan 03 10:11:38 2022 『传闻』己酉年十一月六日巳时四刻，铁传甲追袭梅花盗未果，中桃花瘴重伤而归。
Mon Jan 03 12:33:50 2022 『传闻』己酉年十一月十二日辰时四刻，铁传甲追袭梅花盗未果，中桃花瘴重伤而归。
Mon Jan 03 15:29:34 2022 『传闻』己酉年十一月十九日申时四刻，铁传甲追袭梅花盗未果，中桃花瘴重伤而归。
Mon Jan 03 19:02:07 2022 『传闻』己酉年十一月二十八日未时一刻，铁传甲追袭梅花盗未果，中桃花瘴重伤而归。
Mon Jan 03 20:06:39 2022 『传闻』己酉年十二月一日卯时二刻，铁传甲追袭梅花盗未果，中桃花瘴重伤而归。
Mon Jan 03 21:29:40 2022 『传闻』己酉年十二月四日申时四刻，铁传甲追袭梅花盗未果，中桃花瘴重伤而归。
Mon Jan 03 22:17:23 2022 『传闻』己酉年十二月六日申时三刻，铁传甲追袭梅花盗未果，中桃花瘴重伤而归。
Tue Jan 04 00:16:54 2022 『传闻』己酉年十二月十一日申时二刻，铁传甲追袭梅花盗未果，中桃花瘴重伤而归。
Tue Jan 04 01:48:12 2022 『传闻』己酉年十二月十五日午时一刻，铁传甲追袭梅花盗未果，中桃花瘴重伤而归。
